2025-11-11 00:16:05,346 - INFO - 🚀 Démarrage de l'import - Log: logs_task/import_20251111_001605.log
2025-11-11 00:16:05,346 - INFO - 🔍 Recherche des fichiers CSV...
2025-11-11 00:16:05,365 - INFO - ⏭️  Fichier déjà importé: part_0001.csv
2025-11-11 00:16:05,380 - INFO - ⏭️  Fichier déjà importé: part_0002.csv
2025-11-11 00:16:05,398 - INFO - ⏭️  Fichier déjà importé: part_0003.csv
2025-11-11 00:16:05,414 - INFO - ⏭️  Fichier déjà importé: part_0004.csv
2025-11-11 00:16:05,430 - INFO - ⏭️  Fichier déjà importé: part_0005.csv
2025-11-11 00:16:05,447 - INFO - ⏭️  Fichier déjà importé: part_0006.csv
2025-11-11 00:16:05,467 - INFO - ⏭️  Fichier déjà importé: part_0007.csv
2025-11-11 00:16:05,485 - INFO - ⏭️  Fichier déjà importé: part_0008.csv
2025-11-11 00:16:05,508 - INFO - ⏭️  Fichier déjà importé: part_0009.csv
2025-11-11 00:16:05,524 - INFO - ⏭️  Fichier déjà importé: part_0010.csv
2025-11-11 00:16:05,541 - INFO - ⏭️  Fichier déjà importé: part_0011.csv
2025-11-11 00:16:05,556 - INFO - ⏭️  Fichier déjà importé: part_0012.csv
2025-11-11 00:16:05,571 - INFO - ⏭️  Fichier déjà importé: part_0013.csv
2025-11-11 00:16:05,586 - INFO - ⏭️  Fichier déjà importé: part_0014.csv
2025-11-11 00:16:05,603 - INFO - ⏭️  Fichier déjà importé: part_0015.csv
2025-11-11 00:16:05,619 - INFO - ⏭️  Fichier déjà importé: part_0016.csv
2025-11-11 00:16:05,634 - INFO - ⏭️  Fichier déjà importé: part_0017.csv
2025-11-11 00:16:05,668 - INFO - ⏭️  Fichier déjà importé: part_0018.csv
2025-11-11 00:16:05,718 - INFO - ⏭️  Fichier déjà importé: part_0019.csv
2025-11-11 00:16:05,737 - INFO - ⏭️  Fichier déjà importé: part_0020.csv
2025-11-11 00:16:05,751 - INFO - ⏭️  Fichier déjà importé: part_0021.csv
2025-11-11 00:16:05,767 - INFO - ⏭️  Fichier déjà importé: part_0022.csv
2025-11-11 00:16:05,782 - INFO - ⏭️  Fichier déjà importé: part_0023.csv
2025-11-11 00:16:05,799 - INFO - ⏭️  Fichier déjà importé: part_0024.csv
2025-11-11 00:16:05,816 - INFO - ⏭️  Fichier déjà importé: part_0025.csv
2025-11-11 00:16:05,831 - INFO - ⏭️  Fichier déjà importé: part_0026.csv
2025-11-11 00:16:05,848 - INFO - ⏭️  Fichier déjà importé: part_0027.csv
2025-11-11 00:16:05,865 - INFO - ⏭️  Fichier déjà importé: part_0028.csv
2025-11-11 00:16:05,880 - INFO - ⏭️  Fichier déjà importé: part_0029.csv
2025-11-11 00:16:05,896 - INFO - ⏭️  Fichier déjà importé: part_0030.csv
2025-11-11 00:16:05,912 - INFO - ⏭️  Fichier déjà importé: part_0031.csv
2025-11-11 00:16:05,929 - INFO - ⏭️  Fichier déjà importé: part_0032.csv
2025-11-11 00:16:05,944 - INFO - ⏭️  Fichier déjà importé: part_0033.csv
2025-11-11 00:16:05,965 - INFO - ⏭️  Fichier déjà importé: part_0034.csv
2025-11-11 00:16:05,981 - INFO - ⏭️  Fichier déjà importé: part_0035.csv
2025-11-11 00:16:05,998 - INFO - ⏭️  Fichier déjà importé: part_0036.csv
2025-11-11 00:16:06,013 - INFO - ⏭️  Fichier déjà importé: part_0037.csv
2025-11-11 00:16:06,032 - INFO - ⏭️  Fichier déjà importé: part_0038.csv
2025-11-11 00:16:06,054 - INFO - ⏭️  Fichier déjà importé: part_0039.csv
2025-11-11 00:16:06,069 - INFO - ⏭️  Fichier déjà importé: part_0040.csv
2025-11-11 00:16:06,087 - INFO - ⏭️  Fichier déjà importé: part_0041.csv
2025-11-11 00:16:06,104 - INFO - ⏭️  Fichier déjà importé: part_0042.csv
2025-11-11 00:16:06,118 - INFO - ⏭️  Fichier déjà importé: part_0043.csv
2025-11-11 00:16:06,138 - INFO - ⏭️  Fichier déjà importé: part_0044.csv
2025-11-11 00:16:06,153 - INFO - ⏭️  Fichier déjà importé: part_0045.csv
2025-11-11 00:16:06,170 - INFO - ⏭️  Fichier déjà importé: part_0046.csv
2025-11-11 00:16:06,188 - INFO - ⏭️  Fichier déjà importé: part_0047.csv
2025-11-11 00:16:06,202 - INFO - ⏭️  Fichier déjà importé: part_0048.csv
2025-11-11 00:16:06,219 - INFO - ⏭️  Fichier déjà importé: part_0049.csv
2025-11-11 00:16:06,236 - INFO - ⏭️  Fichier déjà importé: part_0050.csv
2025-11-11 00:16:06,258 - INFO - ⏭️  Fichier déjà importé: part_0051.csv
2025-11-11 00:16:06,274 - INFO - ⏭️  Fichier déjà importé: part_0052.csv
2025-11-11 00:16:06,290 - INFO - ⏭️  Fichier déjà importé: part_0053.csv
2025-11-11 00:16:06,305 - INFO - ⏭️  Fichier déjà importé: part_0054.csv
2025-11-11 00:16:06,323 - INFO - ⏭️  Fichier déjà importé: part_0055.csv
2025-11-11 00:16:06,340 - INFO - ⏭️  Fichier déjà importé: part_0056.csv
2025-11-11 00:16:06,356 - INFO - ⏭️  Fichier déjà importé: part_0057.csv
2025-11-11 00:16:06,373 - INFO - ⏭️  Fichier déjà importé: part_0058.csv
2025-11-11 00:16:06,390 - INFO - ⏭️  Fichier déjà importé: part_0059.csv
2025-11-11 00:16:06,405 - INFO - ⏭️  Fichier déjà importé: part_0060.csv
2025-11-11 00:16:06,422 - INFO - ⏭️  Fichier déjà importé: part_0061.csv
2025-11-11 00:16:06,437 - INFO - ⏭️  Fichier déjà importé: part_0062.csv
2025-11-11 00:16:06,453 - INFO - ⏭️  Fichier déjà importé: part_0063.csv
2025-11-11 00:16:06,470 - INFO - ⏭️  Fichier déjà importé: part_0064.csv
2025-11-11 00:16:06,487 - INFO - ⏭️  Fichier déjà importé: part_0065.csv
2025-11-11 00:16:06,502 - INFO - ⏭️  Fichier déjà importé: part_0066.csv
2025-11-11 00:16:06,520 - INFO - ⏭️  Fichier déjà importé: part_0067.csv
2025-11-11 00:16:06,538 - INFO - ⏭️  Fichier déjà importé: part_0068.csv
2025-11-11 00:16:06,554 - INFO - ⏭️  Fichier déjà importé: part_0069.csv
2025-11-11 00:16:06,571 - INFO - ⏭️  Fichier déjà importé: part_0070.csv
2025-11-11 00:16:06,587 - INFO - ⏭️  Fichier déjà importé: part_0071.csv
2025-11-11 00:16:06,603 - INFO - ⏭️  Fichier déjà importé: part_0072.csv
2025-11-11 00:16:06,620 - INFO - ⏭️  Fichier déjà importé: part_0073.csv
2025-11-11 00:16:06,637 - INFO - ⏭️  Fichier déjà importé: part_0074.csv
2025-11-11 00:16:06,653 - INFO - ⏭️  Fichier déjà importé: part_0075.csv
2025-11-11 00:16:06,673 - INFO - ⏭️  Fichier déjà importé: part_0076.csv
2025-11-11 00:16:06,689 - INFO - ⏭️  Fichier déjà importé: part_0077.csv
2025-11-11 00:16:06,706 - INFO - ⏭️  Fichier déjà importé: part_0078.csv
2025-11-11 00:16:06,723 - INFO - ⏭️  Fichier déjà importé: part_0079.csv
2025-11-11 00:16:06,739 - INFO - ⏭️  Fichier déjà importé: part_0080.csv
2025-11-11 00:16:06,755 - INFO - ⏭️  Fichier déjà importé: part_0081.csv
2025-11-11 00:16:06,772 - INFO - ⏭️  Fichier déjà importé: part_0082.csv
2025-11-11 00:16:06,787 - INFO - ⏭️  Fichier déjà importé: part_0083.csv
2025-11-11 00:16:06,804 - INFO - ⏭️  Fichier déjà importé: part_0084.csv
2025-11-11 00:16:06,821 - INFO - ⏭️  Fichier déjà importé: part_0085.csv
2025-11-11 00:16:06,838 - INFO - ⏭️  Fichier déjà importé: part_0086.csv
2025-11-11 00:16:06,855 - INFO - ⏭️  Fichier déjà importé: part_0087.csv
2025-11-11 00:16:06,877 - INFO - ⏭️  Fichier déjà importé: part_0088.csv
2025-11-11 00:16:06,899 - INFO - ⏭️  Fichier déjà importé: part_0089.csv
2025-11-11 00:16:06,915 - INFO - ⏭️  Fichier déjà importé: part_0090.csv
2025-11-11 00:16:06,939 - INFO - ⏭️  Fichier déjà importé: part_0091.csv
2025-11-11 00:16:06,965 - INFO - ⏭️  Fichier déjà importé: part_0092.csv
2025-11-11 00:16:06,981 - INFO - ⏭️  Fichier déjà importé: part_0093.csv
2025-11-11 00:16:06,995 - INFO - ⏭️  Fichier déjà importé: part_0094.csv
2025-11-11 00:16:07,012 - INFO - ⏭️  Fichier déjà importé: part_0095.csv
2025-11-11 00:16:07,026 - INFO - ⏭️  Fichier déjà importé: part_0096.csv
2025-11-11 00:16:07,043 - INFO - ⏭️  Fichier déjà importé: part_0097.csv
2025-11-11 00:16:07,059 - INFO - ⏭️  Fichier déjà importé: part_0098.csv
2025-11-11 00:16:07,076 - INFO - ⏭️  Fichier déjà importé: part_0099.csv
2025-11-11 00:16:07,092 - INFO - ⏭️  Fichier déjà importé: part_0100.csv
2025-11-11 00:16:07,108 - INFO - ⏭️  Fichier déjà importé: part_0101.csv
2025-11-11 00:16:07,124 - INFO - ⏭️  Fichier déjà importé: part_0102.csv
2025-11-11 00:16:07,141 - INFO - ⏭️  Fichier déjà importé: part_0103.csv
2025-11-11 00:16:07,161 - INFO - ⏭️  Fichier déjà importé: part_0104.csv
2025-11-11 00:16:07,180 - INFO - ⏭️  Fichier déjà importé: part_0105.csv
2025-11-11 00:16:07,198 - INFO - ⏭️  Fichier déjà importé: part_0106.csv
2025-11-11 00:16:07,215 - INFO - ⏭️  Fichier déjà importé: part_0107.csv
2025-11-11 00:16:07,234 - INFO - ⏭️  Fichier déjà importé: part_0108.csv
2025-11-11 00:16:07,256 - INFO - ⏭️  Fichier déjà importé: part_0109.csv
2025-11-11 00:16:07,273 - INFO - ⏭️  Fichier déjà importé: part_0110.csv
2025-11-11 00:16:07,291 - INFO - ⏭️  Fichier déjà importé: part_0111.csv
2025-11-11 00:16:07,307 - INFO - ⏭️  Fichier déjà importé: part_0112.csv
2025-11-11 00:16:07,322 - INFO - ⏭️  Fichier déjà importé: part_0113.csv
2025-11-11 00:16:07,343 - INFO - ⏭️  Fichier déjà importé: part_0114.csv
2025-11-11 00:16:07,359 - INFO - ⏭️  Fichier déjà importé: part_0115.csv
2025-11-11 00:16:07,376 - INFO - ⏭️  Fichier déjà importé: part_0116.csv
2025-11-11 00:16:07,397 - INFO - ⏭️  Fichier déjà importé: part_0117.csv
2025-11-11 00:16:07,414 - INFO - ⏭️  Fichier déjà importé: part_0118.csv
2025-11-11 00:16:07,429 - INFO - ⏭️  Fichier déjà importé: part_0119.csv
2025-11-11 00:16:07,447 - INFO - ⏭️  Fichier déjà importé: part_0120.csv
2025-11-11 00:16:07,463 - INFO - ⏭️  Fichier déjà importé: part_0121.csv
2025-11-11 00:16:07,480 - INFO - ⏭️  Fichier déjà importé: part_0122.csv
2025-11-11 00:16:07,496 - INFO - ⏭️  Fichier déjà importé: part_0123.csv
2025-11-11 00:16:07,512 - INFO - ⏭️  Fichier déjà importé: part_0124.csv
2025-11-11 00:16:07,527 - INFO - ⏭️  Fichier déjà importé: part_0125.csv
2025-11-11 00:16:07,543 - INFO - ⏭️  Fichier déjà importé: part_0126.csv
2025-11-11 00:16:07,558 - INFO - ⏭️  Fichier déjà importé: part_0127.csv
2025-11-11 00:16:07,574 - INFO - ⏭️  Fichier déjà importé: part_0128.csv
2025-11-11 00:16:07,590 - INFO - ⏭️  Fichier déjà importé: part_0129.csv
2025-11-11 00:16:07,605 - INFO - ⏭️  Fichier déjà importé: part_0130.csv
2025-11-11 00:16:07,621 - INFO - ⏭️  Fichier déjà importé: part_0131.csv
2025-11-11 00:16:07,635 - INFO - ⏭️  Fichier déjà importé: part_0132.csv
2025-11-11 00:16:07,651 - INFO - ⏭️  Fichier déjà importé: part_0133.csv
2025-11-11 00:16:07,667 - INFO - ⏭️  Fichier déjà importé: part_0134.csv
2025-11-11 00:16:07,682 - INFO - ⏭️  Fichier déjà importé: part_0135.csv
2025-11-11 00:16:07,700 - INFO - ⏭️  Fichier déjà importé: part_0136.csv
2025-11-11 00:16:07,715 - INFO - ⏭️  Fichier déjà importé: part_0137.csv
2025-11-11 00:16:07,732 - INFO - ⏭️  Fichier déjà importé: part_0138.csv
2025-11-11 00:16:07,746 - INFO - ⏭️  Fichier déjà importé: part_0139.csv
2025-11-11 00:16:07,762 - INFO - ⏭️  Fichier déjà importé: part_0140.csv
2025-11-11 00:16:07,778 - INFO - ⏭️  Fichier déjà importé: part_0141.csv
2025-11-11 00:16:07,795 - INFO - ⏭️  Fichier déjà importé: part_0142.csv
2025-11-11 00:16:07,810 - INFO - ⏭️  Fichier déjà importé: part_0143.csv
2025-11-11 00:16:07,824 - INFO - ⏭️  Fichier déjà importé: part_0144.csv
2025-11-11 00:16:07,840 - INFO - ⏭️  Fichier déjà importé: part_0145.csv
2025-11-11 00:16:07,855 - INFO - ⏭️  Fichier déjà importé: part_0146.csv
2025-11-11 00:16:07,873 - INFO - ⏭️  Fichier déjà importé: part_0147.csv
2025-11-11 00:16:07,887 - INFO - ⏭️  Fichier déjà importé: part_0148.csv
2025-11-11 00:16:07,902 - INFO - ⏭️  Fichier déjà importé: part_0149.csv
2025-11-11 00:16:07,920 - INFO - ⏭️  Fichier déjà importé: part_0150.csv
2025-11-11 00:16:07,936 - INFO - ⏭️  Fichier déjà importé: part_0151.csv
2025-11-11 00:16:07,954 - INFO - ⏭️  Fichier déjà importé: part_0152.csv
2025-11-11 00:16:07,970 - INFO - ⏭️  Fichier déjà importé: part_0153.csv
2025-11-11 00:16:07,986 - INFO - ⏭️  Fichier déjà importé: part_0154.csv
2025-11-11 00:16:08,002 - INFO - ⏭️  Fichier déjà importé: part_0155.csv
2025-11-11 00:16:08,019 - INFO - ⏭️  Fichier déjà importé: part_0156.csv
2025-11-11 00:16:08,034 - INFO - ⏭️  Fichier déjà importé: part_0157.csv
2025-11-11 00:16:08,050 - INFO - ⏭️  Fichier déjà importé: part_0158.csv
2025-11-11 00:16:08,068 - INFO - ⏭️  Fichier déjà importé: part_0159.csv
2025-11-11 00:16:08,085 - INFO - ⏭️  Fichier déjà importé: part_0160.csv
2025-11-11 00:16:08,100 - INFO - ⏭️  Fichier déjà importé: part_0161.csv
2025-11-11 00:16:08,116 - INFO - ⏭️  Fichier déjà importé: part_0162.csv
2025-11-11 00:16:08,131 - INFO - ⏭️  Fichier déjà importé: part_0163.csv
2025-11-11 00:16:08,147 - INFO - ⏭️  Fichier déjà importé: part_0164.csv
2025-11-11 00:16:08,162 - INFO - ⏭️  Fichier déjà importé: part_0165.csv
2025-11-11 00:16:08,179 - INFO - ⏭️  Fichier déjà importé: part_0166.csv
2025-11-11 00:16:08,194 - INFO - ⏭️  Fichier déjà importé: part_0167.csv
2025-11-11 00:16:08,213 - INFO - ⏭️  Fichier déjà importé: part_0168.csv
2025-11-11 00:16:08,230 - INFO - ⏭️  Fichier déjà importé: part_0169.csv
2025-11-11 00:16:08,245 - INFO - ⏭️  Fichier déjà importé: part_0170.csv
2025-11-11 00:16:08,260 - INFO - ⏭️  Fichier déjà importé: part_0171.csv
2025-11-11 00:16:08,275 - INFO - ⏭️  Fichier déjà importé: part_0172.csv
2025-11-11 00:16:08,292 - INFO - ⏭️  Fichier déjà importé: part_0173.csv
2025-11-11 00:16:08,310 - INFO - ⏭️  Fichier déjà importé: part_0174.csv
2025-11-11 00:16:08,325 - INFO - ⏭️  Fichier déjà importé: part_0175.csv
2025-11-11 00:16:08,342 - INFO - ⏭️  Fichier déjà importé: part_0176.csv
2025-11-11 00:16:08,357 - INFO - ⏭️  Fichier déjà importé: part_0177.csv
2025-11-11 00:16:08,372 - INFO - ⏭️  Fichier déjà importé: part_0178.csv
2025-11-11 00:16:08,390 - INFO - ⏭️  Fichier déjà importé: part_0179.csv
2025-11-11 00:16:08,405 - INFO - ⏭️  Fichier déjà importé: part_0180.csv
2025-11-11 00:16:08,420 - INFO - ⏭️  Fichier déjà importé: part_0181.csv
2025-11-11 00:16:08,440 - INFO - ⏭️  Fichier déjà importé: part_0182.csv
2025-11-11 00:16:08,456 - INFO - ⏭️  Fichier déjà importé: part_0183.csv
2025-11-11 00:16:08,473 - INFO - ⏭️  Fichier déjà importé: part_0184.csv
2025-11-11 00:16:08,489 - INFO - ⏭️  Fichier déjà importé: part_0185.csv
2025-11-11 00:16:08,504 - INFO - ⏭️  Fichier déjà importé: part_0186.csv
2025-11-11 00:16:08,527 - INFO - ⏭️  Fichier déjà importé: part_0187.csv
2025-11-11 00:16:08,547 - INFO - ⏭️  Fichier déjà importé: part_0188.csv
2025-11-11 00:16:08,570 - INFO - ⏭️  Fichier déjà importé: part_0189.csv
2025-11-11 00:16:08,588 - INFO - ⏭️  Fichier déjà importé: part_0190.csv
2025-11-11 00:16:08,603 - INFO - ⏭️  Fichier déjà importé: part_0191.csv
2025-11-11 00:16:08,619 - INFO - ⏭️  Fichier déjà importé: part_0192.csv
2025-11-11 00:16:08,636 - INFO - ⏭️  Fichier déjà importé: part_0193.csv
2025-11-11 00:16:08,651 - INFO - ⏭️  Fichier déjà importé: part_0194.csv
2025-11-11 00:16:08,667 - INFO - ⏭️  Fichier déjà importé: part_0195.csv
2025-11-11 00:16:08,683 - INFO - ⏭️  Fichier déjà importé: part_0196.csv
2025-11-11 00:16:08,698 - INFO - ⏭️  Fichier déjà importé: part_0197.csv
2025-11-11 00:16:08,714 - INFO - ⏭️  Fichier déjà importé: part_0198.csv
2025-11-11 00:16:08,729 - INFO - ⏭️  Fichier déjà importé: part_0199.csv
2025-11-11 00:16:08,746 - INFO - ⏭️  Fichier déjà importé: part_0200.csv
2025-11-11 00:16:08,746 - INFO - 📁 Fichiers trouvés: 200 total, 0 nouveaux, 200 déjà importés
2025-11-11 00:16:08,746 - INFO - 🎉 Aucun nouveau fichier à importer!
2025-11-11 00:16:08,746 - INFO - 📈 Statistiques actuelles: 200 fichiers, 10,000,000 lignes
