2025-11-11 00:26:01,454 - INFO - 🚀 Démarrage de l'import - Log: logs_task/import_20251111_002601.log
2025-11-11 00:26:01,455 - INFO - 🔍 Recherche des fichiers CSV...
2025-11-11 00:26:01,474 - INFO - ⏭️  Fichier déjà importé: part_0001.csv
2025-11-11 00:26:01,490 - INFO - ⏭️  Fichier déjà importé: part_0002.csv
2025-11-11 00:26:01,505 - INFO - ⏭️  Fichier déjà importé: part_0003.csv
2025-11-11 00:26:01,523 - INFO - ⏭️  Fichier déjà importé: part_0004.csv
2025-11-11 00:26:01,538 - INFO - ⏭️  Fichier déjà importé: part_0005.csv
2025-11-11 00:26:01,553 - INFO - ⏭️  Fichier déjà importé: part_0006.csv
2025-11-11 00:26:01,570 - INFO - ⏭️  Fichier déjà importé: part_0007.csv
2025-11-11 00:26:01,587 - INFO - ⏭️  Fichier déjà importé: part_0008.csv
2025-11-11 00:26:01,604 - INFO - ⏭️  Fichier déjà importé: part_0009.csv
2025-11-11 00:26:01,620 - INFO - ⏭️  Fichier déjà importé: part_0010.csv
2025-11-11 00:26:01,638 - INFO - ⏭️  Fichier déjà importé: part_0011.csv
2025-11-11 00:26:01,659 - INFO - ⏭️  Fichier déjà importé: part_0012.csv
2025-11-11 00:26:01,677 - INFO - ⏭️  Fichier déjà importé: part_0013.csv
2025-11-11 00:26:01,692 - INFO - ⏭️  Fichier déjà importé: part_0014.csv
2025-11-11 00:26:01,707 - INFO - ⏭️  Fichier déjà importé: part_0015.csv
2025-11-11 00:26:01,722 - INFO - ⏭️  Fichier déjà importé: part_0016.csv
2025-11-11 00:26:01,740 - INFO - ⏭️  Fichier déjà importé: part_0017.csv
2025-11-11 00:26:01,756 - INFO - ⏭️  Fichier déjà importé: part_0018.csv
2025-11-11 00:26:01,773 - INFO - ⏭️  Fichier déjà importé: part_0019.csv
2025-11-11 00:26:01,790 - INFO - ⏭️  Fichier déjà importé: part_0020.csv
2025-11-11 00:26:01,808 - INFO - ⏭️  Fichier déjà importé: part_0021.csv
2025-11-11 00:26:01,827 - INFO - ⏭️  Fichier déjà importé: part_0022.csv
2025-11-11 00:26:01,845 - INFO - ⏭️  Fichier déjà importé: part_0023.csv
2025-11-11 00:26:01,864 - INFO - ⏭️  Fichier déjà importé: part_0024.csv
2025-11-11 00:26:01,881 - INFO - ⏭️  Fichier déjà importé: part_0025.csv
2025-11-11 00:26:01,899 - INFO - ⏭️  Fichier déjà importé: part_0026.csv
2025-11-11 00:26:01,917 - INFO - ⏭️  Fichier déjà importé: part_0027.csv
2025-11-11 00:26:01,934 - INFO - ⏭️  Fichier déjà importé: part_0028.csv
2025-11-11 00:26:01,951 - INFO - ⏭️  Fichier déjà importé: part_0029.csv
2025-11-11 00:26:01,967 - INFO - ⏭️  Fichier déjà importé: part_0030.csv
2025-11-11 00:26:01,983 - INFO - ⏭️  Fichier déjà importé: part_0031.csv
2025-11-11 00:26:01,999 - INFO - ⏭️  Fichier déjà importé: part_0032.csv
2025-11-11 00:26:02,015 - INFO - ⏭️  Fichier déjà importé: part_0033.csv
2025-11-11 00:26:02,031 - INFO - ⏭️  Fichier déjà importé: part_0034.csv
2025-11-11 00:26:02,047 - INFO - ⏭️  Fichier déjà importé: part_0035.csv
2025-11-11 00:26:02,064 - INFO - ⏭️  Fichier déjà importé: part_0036.csv
2025-11-11 00:26:02,081 - INFO - ⏭️  Fichier déjà importé: part_0037.csv
2025-11-11 00:26:02,097 - INFO - ⏭️  Fichier déjà importé: part_0038.csv
2025-11-11 00:26:02,113 - INFO - ⏭️  Fichier déjà importé: part_0039.csv
2025-11-11 00:26:02,130 - INFO - ⏭️  Fichier déjà importé: part_0040.csv
2025-11-11 00:26:02,147 - INFO - ⏭️  Fichier déjà importé: part_0041.csv
2025-11-11 00:26:02,163 - INFO - ⏭️  Fichier déjà importé: part_0042.csv
2025-11-11 00:26:02,180 - INFO - ⏭️  Fichier déjà importé: part_0043.csv
2025-11-11 00:26:02,196 - INFO - ⏭️  Fichier déjà importé: part_0044.csv
2025-11-11 00:26:02,212 - INFO - ⏭️  Fichier déjà importé: part_0045.csv
2025-11-11 00:26:02,227 - INFO - ⏭️  Fichier déjà importé: part_0046.csv
2025-11-11 00:26:02,243 - INFO - ⏭️  Fichier déjà importé: part_0047.csv
2025-11-11 00:26:02,259 - INFO - ⏭️  Fichier déjà importé: part_0048.csv
2025-11-11 00:26:02,275 - INFO - ⏭️  Fichier déjà importé: part_0049.csv
2025-11-11 00:26:02,292 - INFO - ⏭️  Fichier déjà importé: part_0050.csv
2025-11-11 00:26:02,292 - INFO - 📁 Fichiers trouvés: 50 total, 0 nouveaux, 50 déjà importés
2025-11-11 00:26:02,292 - INFO - 🎉 Aucun nouveau fichier à importer!
2025-11-11 00:26:02,292 - INFO - 📈 Statistiques actuelles: 200 fichiers, 10,000,000 lignes
