[0m06:39:03.182575 [debug] [MainThread]: Sending event: {'category': 'dbt', 'action': 'invocation', 'label': 'start', 'context': [<snowplow_tracker.self_describing_json.SelfDescribingJson object at 0x1022f7290>, <snowplow_tracker.self_describing_json.SelfDescribingJson object at 0x1065cba10>, <snowplow_tracker.self_describing_json.SelfDescribingJson object at 0x1065f7fd0>]}


============================== 06:39:03.185580 | 124eba9a-8837-44f6-8a2b-e7c0a626eab3 ==============================
[0m06:39:03.185580 [info ] [MainThread]: Running with dbt=1.10.13
[0m06:39:03.185950 [debug] [MainThread]: running dbt with arguments {'target_path': 'None', 'log_cache_events': 'False', 'static_parser': 'True', 'quiet': 'False', 'warn_error_options': 'WarnErrorOptionsV2(error=[], warn=[], silence=[])', 'warn_error': 'None', 'version_check': 'True', 'write_json': 'True', 'cache_selected_only': 'False', 'indirect_selection': 'eager', 'log_path': 'logs', 'use_colors': 'True', 'profiles_dir': '/Users/adrielwotadji/.dbt', 'partial_parse': 'True', 'use_experimental_parser': 'False', 'send_anonymous_usage_stats': 'True', 'introspect': 'True', 'log_format': 'default', 'printer_width': '80', 'empty': 'None', 'fail_fast': 'False', 'debug': 'False', 'no_print': 'None', 'invocation_command': 'dbt init deepPromo'}
[0m06:39:03.195545 [debug] [MainThread]: Starter project path: /Users/adrielwotadji/Documents/deepPromo/.venv/lib/python3.11/site-packages/dbt/include/starter_project
[0m06:39:03.199536 [info ] [MainThread]: 
Your new dbt project "deepPromo" was created!

For more information on how to configure the profiles.yml file,
please consult the dbt documentation here:

  https://docs.getdbt.com/docs/configure-your-profile

One more thing:

Need help? Don't hesitate to reach out to us via GitHub issues or on Slack:

  https://community.getdbt.com/

Happy modeling!

[0m06:39:03.199832 [info ] [MainThread]: Setting up your profile.
[0m06:45:23.066101 [info ] [MainThread]: Profile deepPromo written to /Users/adrielwotadji/.dbt/profiles.yml using target's profile_template.yml and your supplied values. Run 'dbt debug' to validate the connection.
[0m06:45:23.072495 [debug] [MainThread]: Resource report: {"command_name": "init", "command_success": true, "command_wall_clock_time": 379.93195, "process_in_blocks": "0", "process_kernel_time": 0.187897, "process_mem_max_rss": "119816192", "process_out_blocks": "0", "process_user_time": 0.828322}
[0m06:45:23.075389 [debug] [MainThread]: Command `dbt init` succeeded at 06:45:23.075083 after 379.94 seconds
[0m06:45:23.076991 [debug] [MainThread]: Sending event: {'category': 'dbt', 'action': 'invocation', 'label': 'end', 'context': [<snowplow_tracker.self_describing_json.SelfDescribingJson object at 0x10621a8d0>, <snowplow_tracker.self_describing_json.SelfDescribingJson object at 0x100588f50>, <snowplow_tracker.self_describing_json.SelfDescribingJson object at 0x100588790>]}
[0m06:45:23.077686 [debug] [MainThread]: Flushing usage events
[0m06:45:23.518022 [debug] [MainThread]: An error was encountered while trying to flush usage events
[0m08:24:49.341569 [debug] [MainThread]: Sending event: {'category': 'dbt', 'action': 'invocation', 'label': 'start', 'context': [<snowplow_tracker.self_describing_json.SelfDescribingJson object at 0x106379090>, <snowplow_tracker.self_describing_json.SelfDescribingJson object at 0x10823b4d0>, <snowplow_tracker.self_describing_json.SelfDescribingJson object at 0x109cfffd0>]}


============================== 08:24:49.344732 | 1f29c3f9-ca5a-4db4-add0-a231032d33f9 ==============================
[0m08:24:49.344732 [info ] [MainThread]: Running with dbt=1.10.13
[0m08:24:49.345122 [debug] [MainThread]: running dbt with arguments {'no_print': 'None', 'indirect_selection': 'eager', 'log_format': 'default', 'quiet': 'False', 'write_json': 'True', 'static_parser': 'True', 'profiles_dir': '/Users/adrielwotadji/.dbt', 'use_colors': 'True', 'empty': 'None', 'send_anonymous_usage_stats': 'True', 'warn_error': 'None', 'fail_fast': 'False', 'cache_selected_only': 'False', 'partial_parse': 'True', 'use_experimental_parser': 'False', 'log_cache_events': 'False', 'introspect': 'True', 'invocation_command': 'dbt debug', 'warn_error_options': 'WarnErrorOptionsV2(error=[], warn=[], silence=[])', 'debug': 'False', 'log_path': 'logs', 'version_check': 'True', 'target_path': 'None', 'printer_width': '80'}
[0m08:24:49.355492 [info ] [MainThread]: dbt version: 1.10.13
[0m08:24:49.355790 [info ] [MainThread]: python version: 3.11.7
[0m08:24:49.355982 [info ] [MainThread]: python path: /Users/adrielwotadji/Documents/deepPromo/.venv/bin/python3
[0m08:24:49.356152 [info ] [MainThread]: os info: macOS-15.5-arm64-arm-64bit
[0m08:24:49.503886 [info ] [MainThread]: Using profiles dir at /Users/adrielwotadji/.dbt
[0m08:24:49.504224 [info ] [MainThread]: Using profiles.yml file at /Users/adrielwotadji/.dbt/profiles.yml
[0m08:24:49.504398 [info ] [MainThread]: Using dbt_project.yml file at /Users/adrielwotadji/Documents/deepPromo/dbt_project.yml
[0m08:24:49.504561 [info ] [MainThread]: adapter type: sqlserver
[0m08:24:49.504716 [info ] [MainThread]: adapter version: 1.9.0
[0m08:24:49.504872 [info ] [MainThread]: Configuration:
[0m08:24:49.505020 [info ] [MainThread]:   profiles.yml file [[32mOK found and valid[0m]
[0m08:24:49.505186 [info ] [MainThread]:   dbt_project.yml file [[31mERROR not found[0m]
[0m08:24:49.505383 [info ] [MainThread]: Required dependencies:
[0m08:24:49.505590 [debug] [MainThread]: Executing "git --help"
[0m08:24:49.549171 [debug] [MainThread]: STDOUT: "b"usage: git [-v | --version] [-h | --help] [-C <path>] [-c <name>=<value>]\n           [--exec-path[=<path>]] [--html-path] [--man-path] [--info-path]\n           [-p | --paginate | -P | --no-pager] [--no-replace-objects] [--bare]\n           [--git-dir=<path>] [--work-tree=<path>] [--namespace=<name>]\n           [--super-prefix=<path>] [--config-env=<name>=<envvar>]\n           <command> [<args>]\n\nThese are common Git commands used in various situations:\n\nstart a working area (see also: git help tutorial)\n   clone     Clone a repository into a new directory\n   init      Create an empty Git repository or reinitialize an existing one\n\nwork on the current change (see also: git help everyday)\n   add       Add file contents to the index\n   mv        Move or rename a file, a directory, or a symlink\n   restore   Restore working tree files\n   rm        Remove files from the working tree and from the index\n\nexamine the history and state (see also: git help revisions)\n   bisect    Use binary search to find the commit that introduced a bug\n   diff      Show changes between commits, commit and working tree, etc\n   grep      Print lines matching a pattern\n   log       Show commit logs\n   show      Show various types of objects\n   status    Show the working tree status\n\ngrow, mark and tweak your common history\n   branch    List, create, or delete branches\n   commit    Record changes to the repository\n   merge     Join two or more development histories together\n   rebase    Reapply commits on top of another base tip\n   reset     Reset current HEAD to the specified state\n   switch    Switch branches\n   tag       Create, list, delete or verify a tag object signed with GPG\n\ncollaborate (see also: git help workflows)\n   fetch     Download objects and refs from another repository\n   pull      Fetch from and integrate with another repository or a local branch\n   push      Update remote refs along with associated objects\n\n'git help -a' and 'git help -g' list available subcommands and some\nconcept guides. See 'git help <command>' or 'git help <concept>'\nto read about a specific subcommand or concept.\nSee 'git help git' for an overview of the system.\n""
[0m08:24:49.549783 [debug] [MainThread]: STDERR: "b''"
[0m08:24:49.549985 [info ] [MainThread]:  - git [[32mOK found[0m]

[0m08:24:49.550184 [info ] [MainThread]: Connection:
[0m08:24:49.550414 [info ] [MainThread]:   server: localhost
[0m08:24:49.550565 [info ] [MainThread]:   database: master
[0m08:24:49.550712 [info ] [MainThread]:   schema: dbo
[0m08:24:49.550853 [info ] [MainThread]:   UID: sa
[0m08:24:49.551007 [info ] [MainThread]:   client_id: None
[0m08:24:49.551149 [info ] [MainThread]:   authentication: sqlserver
[0m08:24:49.551288 [info ] [MainThread]:   encrypt: False
[0m08:24:49.551430 [info ] [MainThread]:   trust_cert: False
[0m08:24:49.551569 [info ] [MainThread]:   retries: 3
[0m08:24:49.551709 [info ] [MainThread]:   login_timeout: 0
[0m08:24:49.551846 [info ] [MainThread]:   query_timeout: 0
[0m08:24:49.551983 [info ] [MainThread]:   trace_flag: False
[0m08:24:49.552126 [info ] [MainThread]:   port: 1433
[0m08:24:49.552501 [info ] [MainThread]: Registered adapter: sqlserver=1.9.0
[0m08:24:49.615614 [debug] [MainThread]: Acquiring new sqlserver connection 'debug'
[0m08:24:49.616049 [debug] [MainThread]: Using sqlserver connection "debug"
[0m08:24:49.616218 [debug] [MainThread]: On debug: select 1 as id
[0m08:24:49.616371 [debug] [MainThread]: Opening a new connection, currently in state init
[0m08:24:49.616578 [debug] [MainThread]: fabric adapter: Using connection string: DRIVER={ODBC Driver 17 for SQL Server};SERVER=localhost;Database=master;Pooling=true;SQL_ATTR_TRACE=SQL_OPT_TRACE_OFF;encrypt=No;TrustServerCertificate=No;APP=dbt-sqlserver/1.9.3;ConnectRetryCount=3;ConnectRetryInterval=10
[0m08:24:49.690611 [debug] [MainThread]: fabric adapter: Error running SQL: select 1 as id
[0m08:24:49.690893 [debug] [MainThread]: fabric adapter: Rolling back transaction.
[0m08:24:49.691084 [debug] [MainThread]: On debug: No close available on handle
[0m08:24:49.691305 [info ] [MainThread]:   Connection test: [[31mERROR[0m]

[0m08:24:49.691545 [info ] [MainThread]: [31m2 checks failed:[0m
[0m08:24:49.691704 [info ] [MainThread]: Project loading failed for the following reason:
 project path </Users/adrielwotadji/Documents/deepPromo/dbt_project.yml> not found

[0m08:24:49.691862 [info ] [MainThread]: dbt was unable to connect to the specified database.
The database returned the following error:

  >Database Error
  ('28000', "[28000] [Microsoft][ODBC Driver 17 for SQL Server][SQL Server]Login failed for user ''. (18456) (SQLDriverConnect)")

Check your database credentials and try again. For more information, visit:
https://docs.getdbt.com/docs/configure-your-profile


[0m08:24:49.693705 [debug] [MainThread]: Resource report: {"command_name": "debug", "command_success": false, "command_wall_clock_time": 0.39402643, "process_in_blocks": "0", "process_kernel_time": 0.203162, "process_mem_max_rss": "126451712", "process_out_blocks": "0", "process_user_time": 0.869028}
[0m08:24:49.694195 [debug] [MainThread]: Command `dbt debug` failed at 08:24:49.694134 after 0.39 seconds
[0m08:24:49.694421 [debug] [MainThread]: Connection 'debug' was properly closed.
[0m08:24:49.694629 [debug] [MainThread]: Sending event: {'category': 'dbt', 'action': 'invocation', 'label': 'end', 'context': [<snowplow_tracker.self_describing_json.SelfDescribingJson object at 0x10a600f50>, <snowplow_tracker.self_describing_json.SelfDescribingJson object at 0x10a66cb90>, <snowplow_tracker.self_describing_json.SelfDescribingJson object at 0x10472c510>]}
[0m08:24:49.694876 [debug] [MainThread]: Flushing usage events
[0m08:24:50.102735 [debug] [MainThread]: An error was encountered while trying to flush usage events
